2014-01-24 07:50:24,004 - [INFO] - from play in pool-39-thread-3 
Listening for HTTP on /0:0:0:0:0:0:0:0:9000

2014-01-24 07:50:40,286 - [INFO] - from play in play-internal-execution-context-1 
Application started (Dev)

2014-01-24 07:57:34,377 - [INFO] - from application in play-akka.actor.default-dispatcher-16 
DB created

2014-01-24 07:57:34,507 - [INFO] - from application in play-akka.actor.default-dispatcher-16 
releasing MongoClient

2014-01-24 07:57:38,203 - [INFO] - from application in play-akka.actor.default-dispatcher-14 
DB created

2014-01-24 07:57:38,210 - [INFO] - from application in play-akka.actor.default-dispatcher-14 
releasing MongoClient

2014-01-24 07:57:38,215 - [INFO] - from application in play-akka.actor.default-dispatcher-14 
DB created

2014-01-24 07:57:38,221 - [INFO] - from application in play-akka.actor.default-dispatcher-14 
releasing MongoClient

2014-01-24 07:57:38,249 - [INFO] - from application in play-akka.actor.default-dispatcher-14 
DB created

2014-01-24 07:57:38,256 - [INFO] - from application in play-akka.actor.default-dispatcher-14 
releasing MongoClient

2014-01-24 07:57:38,261 - [INFO] - from application in play-akka.actor.default-dispatcher-14 
DB created

2014-01-24 07:57:38,328 - [INFO] - from application in play-akka.actor.default-dispatcher-14 
releasing MongoClient

2014-01-24 07:57:38,334 - [INFO] - from application in play-akka.actor.default-dispatcher-14 
DB created

2014-01-24 07:57:38,344 - [INFO] - from application in play-akka.actor.default-dispatcher-14 
releasing MongoClient

2014-01-24 07:57:38,350 - [INFO] - from application in play-akka.actor.default-dispatcher-14 
DB created

2014-01-24 07:57:38,359 - [INFO] - from application in play-akka.actor.default-dispatcher-14 
releasing MongoClient

2014-01-24 08:14:57,656 - [INFO] - from application in play-akka.actor.default-dispatcher-29 
DB created

2014-01-24 08:14:57,814 - [INFO] - from application in play-akka.actor.default-dispatcher-29 
releasing MongoClient

2014-01-24 08:15:26,913 - [INFO] - from application in play-akka.actor.default-dispatcher-29 
DB created

2014-01-24 08:15:26,919 - [INFO] - from application in play-akka.actor.default-dispatcher-29 
releasing MongoClient

2014-01-24 08:16:10,514 - [INFO] - from application in play-akka.actor.default-dispatcher-43 
DB created

2014-01-24 08:16:10,527 - [INFO] - from application in play-akka.actor.default-dispatcher-43 
releasing MongoClient

2014-01-24 08:16:16,768 - [INFO] - from application in play-akka.actor.default-dispatcher-33 
DB created

2014-01-24 08:16:16,778 - [INFO] - from application in play-akka.actor.default-dispatcher-33 
releasing MongoClient

2014-01-24 08:16:16,783 - [INFO] - from application in play-akka.actor.default-dispatcher-33 
DB created

2014-01-24 08:16:16,790 - [INFO] - from application in play-akka.actor.default-dispatcher-33 
releasing MongoClient

2014-01-24 08:16:16,795 - [INFO] - from application in play-akka.actor.default-dispatcher-33 
DB created

2014-01-24 08:16:16,835 - [INFO] - from application in play-akka.actor.default-dispatcher-33 
releasing MongoClient

2014-01-24 08:16:16,841 - [INFO] - from application in play-akka.actor.default-dispatcher-33 
DB created

2014-01-24 08:16:16,851 - [INFO] - from application in play-akka.actor.default-dispatcher-33 
releasing MongoClient

2014-01-24 08:16:16,856 - [INFO] - from application in play-akka.actor.default-dispatcher-33 
DB created

2014-01-24 08:16:16,861 - [INFO] - from application in play-akka.actor.default-dispatcher-33 
releasing MongoClient

2014-01-24 08:16:16,866 - [INFO] - from application in play-akka.actor.default-dispatcher-33 
DB created

2014-01-24 08:16:16,873 - [INFO] - from application in play-akka.actor.default-dispatcher-33 
releasing MongoClient

2014-01-24 08:16:56,874 - [INFO] - from application in play-akka.actor.default-dispatcher-46 
DB created

2014-01-24 08:16:56,890 - [INFO] - from application in play-akka.actor.default-dispatcher-46 
releasing MongoClient

2014-01-24 08:17:31,921 - [INFO] - from application in play-akka.actor.default-dispatcher-50 
DB created

2014-01-24 08:17:31,930 - [INFO] - from application in play-akka.actor.default-dispatcher-50 
releasing MongoClient

2014-01-24 08:17:36,941 - [INFO] - from application in play-akka.actor.default-dispatcher-51 
DB created

2014-01-24 08:17:36,970 - [INFO] - from application in play-akka.actor.default-dispatcher-51 
releasing MongoClient

2014-01-24 08:17:47,265 - [INFO] - from application in play-akka.actor.default-dispatcher-56 
DB created

2014-01-24 08:17:47,274 - [INFO] - from application in play-akka.actor.default-dispatcher-56 
releasing MongoClient

2014-01-24 08:17:54,359 - [INFO] - from application in play-akka.actor.default-dispatcher-51 
DB created

2014-01-24 08:17:54,365 - [INFO] - from application in play-akka.actor.default-dispatcher-51 
releasing MongoClient

2014-01-24 08:18:06,134 - [INFO] - from application in play-akka.actor.default-dispatcher-53 
DB created

2014-01-24 08:18:06,142 - [INFO] - from application in play-akka.actor.default-dispatcher-53 
releasing MongoClient

2014-01-24 08:18:39,702 - [INFO] - from application in play-akka.actor.default-dispatcher-53 
DB created

2014-01-24 08:18:39,717 - [INFO] - from application in play-akka.actor.default-dispatcher-53 
releasing MongoClient

2014-01-24 08:19:00,235 - [INFO] - from application in play-akka.actor.default-dispatcher-66 
DB created

2014-01-24 08:19:00,245 - [INFO] - from application in play-akka.actor.default-dispatcher-66 
releasing MongoClient

2014-01-24 08:19:00,250 - [INFO] - from application in play-akka.actor.default-dispatcher-66 
DB created

2014-01-24 08:19:10,361 - [INFO] - from application in play-akka.actor.default-dispatcher-66 
releasing MongoClient

2014-01-24 08:19:10,414 - [INFO] - from application in play-akka.actor.default-dispatcher-66 
DB created

2014-01-24 08:19:10,420 - [INFO] - from application in play-akka.actor.default-dispatcher-66 
releasing MongoClient

2014-01-24 08:19:10,426 - [INFO] - from application in play-akka.actor.default-dispatcher-66 
DB created

2014-01-24 08:19:10,437 - [INFO] - from application in play-akka.actor.default-dispatcher-66 
releasing MongoClient

2014-01-24 08:20:27,573 - [INFO] - from application in play-akka.actor.default-dispatcher-64 
DB created

2014-01-24 08:20:27,579 - [INFO] - from application in play-akka.actor.default-dispatcher-64 
releasing MongoClient

2014-01-24 08:20:27,585 - [INFO] - from application in play-akka.actor.default-dispatcher-64 
DB created

2014-01-24 08:20:27,594 - [INFO] - from application in play-akka.actor.default-dispatcher-64 
releasing MongoClient

2014-01-24 08:20:27,602 - [INFO] - from application in play-akka.actor.default-dispatcher-64 
DB created

2014-01-24 08:20:27,614 - [INFO] - from application in play-akka.actor.default-dispatcher-64 
releasing MongoClient

2014-01-24 08:20:37,166 - [INFO] - from application in play-akka.actor.default-dispatcher-73 
DB created

2014-01-24 08:20:37,183 - [INFO] - from application in play-akka.actor.default-dispatcher-73 
releasing MongoClient

2014-01-24 08:20:57,673 - [INFO] - from application in play-akka.actor.default-dispatcher-77 
DB created

2014-01-24 08:20:57,684 - [INFO] - from application in play-akka.actor.default-dispatcher-77 
releasing MongoClient

2014-01-24 08:21:01,496 - [INFO] - from application in play-akka.actor.default-dispatcher-82 
DB created

2014-01-24 08:21:01,520 - [INFO] - from application in play-akka.actor.default-dispatcher-82 
releasing MongoClient

2014-01-24 08:21:06,576 - [INFO] - from application in play-akka.actor.default-dispatcher-80 
DB created

2014-01-24 08:21:06,590 - [INFO] - from application in play-akka.actor.default-dispatcher-80 
releasing MongoClient

2014-01-24 08:21:10,094 - [INFO] - from application in play-akka.actor.default-dispatcher-82 
DB created

2014-01-24 08:21:10,103 - [INFO] - from application in play-akka.actor.default-dispatcher-82 
releasing MongoClient

2014-01-24 08:21:10,111 - [INFO] - from application in play-akka.actor.default-dispatcher-82 
DB created

2014-01-24 08:21:10,131 - [INFO] - from application in play-akka.actor.default-dispatcher-82 
releasing MongoClient

2014-01-24 08:21:20,617 - [INFO] - from application in play-akka.actor.default-dispatcher-80 
DB created

2014-01-24 08:21:20,628 - [INFO] - from application in play-akka.actor.default-dispatcher-80 
releasing MongoClient

2014-01-24 08:21:20,633 - [INFO] - from application in play-akka.actor.default-dispatcher-80 
DB created

2014-01-24 08:21:20,640 - [INFO] - from application in play-akka.actor.default-dispatcher-80 
releasing MongoClient

2014-01-24 08:21:20,646 - [INFO] - from application in play-akka.actor.default-dispatcher-80 
DB created

2014-01-24 08:21:20,653 - [INFO] - from application in play-akka.actor.default-dispatcher-80 
releasing MongoClient

2014-01-24 08:21:20,661 - [INFO] - from application in play-akka.actor.default-dispatcher-80 
DB created

2014-01-24 08:21:20,676 - [INFO] - from application in play-akka.actor.default-dispatcher-80 
releasing MongoClient

2014-01-24 08:21:20,681 - [INFO] - from application in play-akka.actor.default-dispatcher-80 
DB created

2014-01-24 08:21:20,693 - [INFO] - from application in play-akka.actor.default-dispatcher-80 
releasing MongoClient

2014-01-24 08:21:20,698 - [INFO] - from application in play-akka.actor.default-dispatcher-80 
DB created

2014-01-24 08:21:20,707 - [INFO] - from application in play-akka.actor.default-dispatcher-80 
releasing MongoClient

2014-01-24 08:21:51,649 - [INFO] - from application in play-akka.actor.default-dispatcher-86 
DB created

2014-01-24 08:21:51,657 - [INFO] - from application in play-akka.actor.default-dispatcher-86 
releasing MongoClient

2014-01-24 08:21:54,568 - [INFO] - from application in play-akka.actor.default-dispatcher-88 
DB created

2014-01-24 08:21:54,579 - [INFO] - from application in play-akka.actor.default-dispatcher-88 
releasing MongoClient

2014-01-24 08:21:54,585 - [INFO] - from application in play-akka.actor.default-dispatcher-88 
DB created

2014-01-24 08:21:54,590 - [INFO] - from application in play-akka.actor.default-dispatcher-88 
releasing MongoClient

2014-01-24 08:21:54,597 - [INFO] - from application in play-akka.actor.default-dispatcher-88 
DB created

2014-01-24 08:21:54,605 - [INFO] - from application in play-akka.actor.default-dispatcher-88 
releasing MongoClient

2014-01-24 08:21:54,612 - [INFO] - from application in play-akka.actor.default-dispatcher-88 
DB created

2014-01-24 08:21:54,623 - [INFO] - from application in play-akka.actor.default-dispatcher-88 
releasing MongoClient

2014-01-24 08:21:54,629 - [INFO] - from application in play-akka.actor.default-dispatcher-88 
DB created

2014-01-24 08:21:54,638 - [INFO] - from application in play-akka.actor.default-dispatcher-88 
releasing MongoClient

2014-01-24 08:21:54,645 - [INFO] - from application in play-akka.actor.default-dispatcher-88 
DB created

2014-01-24 08:21:54,654 - [INFO] - from application in play-akka.actor.default-dispatcher-88 
releasing MongoClient

2014-01-24 08:22:00,058 - [INFO] - from application in play-akka.actor.default-dispatcher-88 
DB created

2014-01-24 08:22:00,064 - [INFO] - from application in play-akka.actor.default-dispatcher-88 
releasing MongoClient

2014-01-24 08:22:00,069 - [INFO] - from application in play-akka.actor.default-dispatcher-88 
DB created

2014-01-24 08:22:00,113 - [INFO] - from application in play-akka.actor.default-dispatcher-88 
releasing MongoClient

2014-01-24 08:22:24,691 - [INFO] - from application in play-akka.actor.default-dispatcher-84 
DB created

2014-01-24 08:22:24,702 - [INFO] - from application in play-akka.actor.default-dispatcher-84 
releasing MongoClient

2014-01-24 08:22:32,109 - [INFO] - from application in play-akka.actor.default-dispatcher-93 
DB created

2014-01-24 08:22:47,438 - [INFO] - from application in play-akka.actor.default-dispatcher-98 
releasing MongoClient

2014-01-24 08:22:49,551 - [INFO] - from application in play-akka.actor.default-dispatcher-94 
DB created

2014-01-24 08:22:49,562 - [INFO] - from application in play-akka.actor.default-dispatcher-94 
releasing MongoClient

2014-01-24 08:22:49,567 - [INFO] - from application in play-akka.actor.default-dispatcher-94 
DB created

2014-01-24 08:22:49,574 - [INFO] - from application in play-akka.actor.default-dispatcher-94 
releasing MongoClient

2014-01-24 08:22:49,579 - [INFO] - from application in play-akka.actor.default-dispatcher-94 
DB created

2014-01-24 08:22:49,585 - [INFO] - from application in play-akka.actor.default-dispatcher-94 
releasing MongoClient

2014-01-24 08:22:49,590 - [INFO] - from application in play-akka.actor.default-dispatcher-94 
DB created

2014-01-24 08:22:49,599 - [INFO] - from application in play-akka.actor.default-dispatcher-94 
releasing MongoClient

2014-01-24 08:22:49,604 - [INFO] - from application in play-akka.actor.default-dispatcher-94 
DB created

2014-01-24 08:22:49,615 - [INFO] - from application in play-akka.actor.default-dispatcher-94 
releasing MongoClient

2014-01-24 08:22:49,620 - [INFO] - from application in play-akka.actor.default-dispatcher-94 
DB created

2014-01-24 08:22:49,628 - [INFO] - from application in play-akka.actor.default-dispatcher-94 
releasing MongoClient

2014-01-24 08:23:06,169 - [INFO] - from application in play-akka.actor.default-dispatcher-96 
DB created

2014-01-24 08:23:06,175 - [INFO] - from application in play-akka.actor.default-dispatcher-96 
releasing MongoClient

2014-01-24 08:23:51,703 - [INFO] - from application in play-akka.actor.default-dispatcher-98 
DB created

2014-01-24 08:23:51,711 - [INFO] - from application in play-akka.actor.default-dispatcher-98 
releasing MongoClient

2014-01-24 08:23:51,718 - [INFO] - from application in play-akka.actor.default-dispatcher-98 
DB created

2014-01-24 08:23:51,726 - [INFO] - from application in play-akka.actor.default-dispatcher-98 
releasing MongoClient

2014-01-24 08:23:51,730 - [INFO] - from application in play-akka.actor.default-dispatcher-98 
DB created

2014-01-24 08:23:51,736 - [INFO] - from application in play-akka.actor.default-dispatcher-98 
releasing MongoClient

2014-01-24 08:23:51,741 - [INFO] - from application in play-akka.actor.default-dispatcher-98 
DB created

2014-01-24 08:23:51,749 - [INFO] - from application in play-akka.actor.default-dispatcher-98 
releasing MongoClient

2014-01-24 08:23:51,754 - [INFO] - from application in play-akka.actor.default-dispatcher-98 
DB created

2014-01-24 08:23:51,765 - [INFO] - from application in play-akka.actor.default-dispatcher-98 
releasing MongoClient

2014-01-24 08:23:51,770 - [INFO] - from application in play-akka.actor.default-dispatcher-98 
DB created

2014-01-24 08:23:51,780 - [INFO] - from application in play-akka.actor.default-dispatcher-98 
releasing MongoClient

